2025-06-07 07:18:24.800 [info] [principal] Nível de log: Info
2025-06-07 07:18:24.800 [info] [principal] Validando o git encontrado em: "git"
2025-06-07 07:18:24.800 [info] [principal] Usando git "2.43.0" de "git"
2025-06-07 07:18:24.800 [info] [Model][doInitialScan] Initial repository scan started
2025-06-07 07:18:24.801 [info] > git rev-parse --show-toplevel [24ms]
2025-06-07 07:18:24.801 [info] > git rev-parse --git-dir --git-common-dir [459ms]
2025-06-07 07:18:24.801 [info] [Model][openRepository] Opened repository (path): /home/elizabeth
2025-06-07 07:18:24.801 [info] [Model][openRepository] Opened repository (real path): /home/elizabeth
2025-06-07 07:18:25.018 [info] > git config --get commit.template [268ms]
2025-06-07 07:18:25.021 [info] > git rev-parse --show-toplevel [233ms]
2025-06-07 07:18:25.092 [info] > git for-each-ref --format=%(refname)%00%(upstream:short)%00%(objectname)%00%(upstream:track)%00%(upstream:remotename)%00%(upstream:remoteref) refs/heads/main refs/remotes/main [36ms]
2025-06-07 07:18:25.171 [info] > git rev-parse --show-toplevel [83ms]
2025-06-07 07:18:25.213 [info] > git rev-parse --show-toplevel [11ms]
2025-06-07 07:18:25.255 [info] > git rev-parse --show-toplevel [10ms]
2025-06-07 07:18:25.363 [info] > git rev-parse --show-toplevel [58ms]
2025-06-07 07:18:25.366 [info] > git for-each-ref --sort -committerdate --format %(refname)%00%(objectname)%00%(*objectname) [201ms]
2025-06-07 07:18:25.413 [info] > git check-ignore -v -z --stdin [53ms]
2025-06-07 07:18:25.435 [info] > git rev-parse --show-toplevel [29ms]
2025-06-07 07:18:25.497 [info] > git rev-parse --show-toplevel [10ms]
2025-06-07 07:18:25.503 [info] [Model][doInitialScan] Initial repository scan completed - repositories (1), closed repositories (0), parent repositories (0), unsafe repositories (0)
2025-06-07 07:18:25.869 [info] > git show --textconv :escoladanuvem/pratica06/gerador_usuario.py [43ms]
2025-06-07 07:18:25.879 [info] > git ls-files --stage -- escoladanuvem/pratica06/gerador_usuario.py [12ms]
2025-06-07 07:18:25.926 [info] > git cat-file -s e69de29bb2d1d6434b8b29ae775ad8c2e48c5391 [10ms]
2025-06-07 07:18:25.956 [info] > git status -z -uall [830ms]
2025-06-07 07:18:26.055 [info] > git for-each-ref --format=%(refname)%00%(upstream:short)%00%(objectname)%00%(upstream:track)%00%(upstream:remotename)%00%(upstream:remoteref) refs/heads/main refs/remotes/main [57ms]
2025-06-07 07:18:26.147 [info] > git config --get --local branch.main.vscode-merge-base [53ms]
2025-06-07 07:18:26.148 [warning] [Git][config] git config failed: Failed to execute git
2025-06-07 07:18:26.184 [info] > git config --get commit.template [142ms]
2025-06-07 07:18:26.235 [info] > git for-each-ref --format=%(refname)%00%(upstream:short)%00%(objectname)%00%(upstream:track)%00%(upstream:remotename)%00%(upstream:remoteref) refs/heads/main refs/remotes/main [13ms]
2025-06-07 07:18:26.314 [info] > git for-each-ref --sort -committerdate --format %(refname)%00%(objectname)%00%(*objectname) [11ms]
2025-06-07 07:18:26.383 [info] > git reflog main --grep-reflog=branch: Created from *. [200ms]
2025-06-07 07:18:26.433 [info] > git blame --root --incremental ffb79f1eb2917411d1dbba7e5853339bf7ba1e38 -- escoladanuvem/pratica06/gerador_usuario.py [56ms]
2025-06-07 07:18:26.443 [info] > git symbolic-ref --short refs/remotes/origin/HEAD [18ms]
2025-06-07 07:18:26.443 [info] fatal: ref refs/remotes/origin/HEAD is not a symbolic ref
2025-06-07 07:18:26.443 [warning] [Repository][getDefaultBranch] Failed to get default branch details: Failed to execute git.
2025-06-07 07:18:26.478 [info] > git status -z -uall [211ms]
2025-06-07 07:20:00.999 [info] > git config --get commit.template [45ms]
2025-06-07 07:20:01.006 [info] > git for-each-ref --format=%(refname)%00%(upstream:short)%00%(objectname)%00%(upstream:track)%00%(upstream:remotename)%00%(upstream:remoteref) refs/heads/main refs/remotes/main [11ms]
2025-06-07 07:20:01.101 [info] > git for-each-ref --sort -committerdate --format %(refname)%00%(objectname)%00%(*objectname) [11ms]
2025-06-07 07:20:01.289 [info] > git status -z -uall [242ms]
2025-06-07 07:20:06.408 [info] > git config --get commit.template [43ms]
2025-06-07 07:20:06.416 [info] > git for-each-ref --format=%(refname)%00%(upstream:short)%00%(objectname)%00%(upstream:track)%00%(upstream:remotename)%00%(upstream:remoteref) refs/heads/main refs/remotes/main [11ms]
2025-06-07 07:20:06.504 [info] > git for-each-ref --sort -committerdate --format %(refname)%00%(objectname)%00%(*objectname) [15ms]
2025-06-07 07:20:06.582 [info] > git status -z -uall [136ms]
2025-06-07 07:20:11.673 [info] > git config --get commit.template [37ms]
2025-06-07 07:20:11.680 [info] > git for-each-ref --format=%(refname)%00%(upstream:short)%00%(objectname)%00%(upstream:track)%00%(upstream:remotename)%00%(upstream:remoteref) refs/heads/main refs/remotes/main [9ms]
2025-06-07 07:20:11.772 [info] > git for-each-ref --sort -committerdate --format %(refname)%00%(objectname)%00%(*objectname) [16ms]
2025-06-07 07:20:11.854 [info] > git status -z -uall [142ms]
2025-06-07 07:20:16.932 [info] > git config --get commit.template [38ms]
2025-06-07 07:20:16.940 [info] > git for-each-ref --format=%(refname)%00%(upstream:short)%00%(objectname)%00%(upstream:track)%00%(upstream:remotename)%00%(upstream:remoteref) refs/heads/main refs/remotes/main [10ms]
2025-06-07 07:20:17.027 [info] > git for-each-ref --sort -committerdate --format %(refname)%00%(objectname)%00%(*objectname) [12ms]
2025-06-07 07:20:17.104 [info] > git status -z -uall [134ms]
2025-06-07 07:20:34.919 [info] > git config --get commit.template [50ms]
2025-06-07 07:20:34.928 [info] > git for-each-ref --format=%(refname)%00%(upstream:short)%00%(objectname)%00%(upstream:track)%00%(upstream:remotename)%00%(upstream:remoteref) refs/heads/main refs/remotes/main [12ms]
2025-06-07 07:20:35.038 [info] > git for-each-ref --sort -committerdate --format %(refname)%00%(objectname)%00%(*objectname) [21ms]
2025-06-07 07:20:35.117 [info] > git status -z -uall [151ms]
2025-06-07 07:51:02.539 [info] > git config --get commit.template [51ms]
2025-06-07 07:51:02.548 [info] > git for-each-ref --format=%(refname)%00%(upstream:short)%00%(objectname)%00%(upstream:track)%00%(upstream:remotename)%00%(upstream:remoteref) refs/heads/main refs/remotes/main [13ms]
2025-06-07 07:51:02.701 [info] > git for-each-ref --sort -committerdate --format %(refname)%00%(objectname)%00%(*objectname) [64ms]
2025-06-07 07:51:02.851 [info] > git status -z -uall [261ms]
2025-06-07 07:51:07.953 [info] > git config --get commit.template [39ms]
2025-06-07 07:51:07.960 [info] > git for-each-ref --format=%(refname)%00%(upstream:short)%00%(objectname)%00%(upstream:track)%00%(upstream:remotename)%00%(upstream:remoteref) refs/heads/main refs/remotes/main [8ms]
2025-06-07 07:51:08.050 [info] > git for-each-ref --sort -committerdate --format %(refname)%00%(objectname)%00%(*objectname) [12ms]
2025-06-07 07:51:08.121 [info] > git status -z -uall [129ms]
2025-06-07 07:51:13.217 [info] > git config --get commit.template [43ms]
2025-06-07 07:51:13.253 [info] > git for-each-ref --format=%(refname)%00%(upstream:short)%00%(objectname)%00%(upstream:track)%00%(upstream:remotename)%00%(upstream:remoteref) refs/heads/main refs/remotes/main [38ms]
2025-06-07 07:51:13.367 [info] > git for-each-ref --sort -committerdate --format %(refname)%00%(objectname)%00%(*objectname) [14ms]
2025-06-07 07:51:13.440 [info] > git status -z -uall [135ms]
2025-06-07 09:54:53.248 [info] > git config --get commit.template [50ms]
2025-06-07 09:54:53.258 [info] > git for-each-ref --format=%(refname)%00%(upstream:short)%00%(objectname)%00%(upstream:track)%00%(upstream:remotename)%00%(upstream:remoteref) refs/heads/main refs/remotes/main [12ms]
2025-06-07 09:54:53.369 [info] > git for-each-ref --sort -committerdate --format %(refname)%00%(objectname)%00%(*objectname) [14ms]
2025-06-07 09:54:53.477 [info] > git status -z -uall [177ms]
2025-06-07 09:55:17.375 [info] > git config --get commit.template [50ms]
2025-06-07 09:55:17.384 [info] > git for-each-ref --format=%(refname)%00%(upstream:short)%00%(objectname)%00%(upstream:track)%00%(upstream:remotename)%00%(upstream:remoteref) refs/heads/main refs/remotes/main [10ms]
2025-06-07 09:55:17.506 [info] > git for-each-ref --sort -committerdate --format %(refname)%00%(objectname)%00%(*objectname) [17ms]
2025-06-07 09:55:17.603 [info] > git status -z -uall [177ms]
2025-06-07 10:29:34.330 [info] > git check-ignore -v -z --stdin [54ms]
2025-06-07 10:46:34.311 [info] > git check-ignore -v -z --stdin [51ms]
2025-06-07 12:52:24.184 [info] > git config --get commit.template [50ms]
2025-06-07 12:52:24.192 [info] > git for-each-ref --format=%(refname)%00%(upstream:short)%00%(objectname)%00%(upstream:track)%00%(upstream:remotename)%00%(upstream:remoteref) refs/heads/main refs/remotes/main [11ms]
2025-06-07 12:52:24.292 [info] > git for-each-ref --sort -committerdate --format %(refname)%00%(objectname)%00%(*objectname) [13ms]
2025-06-07 12:52:24.571 [info] > git status -z -uall [339ms]
2025-06-07 12:52:29.747 [info] > git config --get commit.template [38ms]
2025-06-07 12:52:29.754 [info] > git for-each-ref --format=%(refname)%00%(upstream:short)%00%(objectname)%00%(upstream:track)%00%(upstream:remotename)%00%(upstream:remoteref) refs/heads/main refs/remotes/main [9ms]
2025-06-07 12:52:29.850 [info] > git for-each-ref --sort -committerdate --format %(refname)%00%(objectname)%00%(*objectname) [13ms]
2025-06-07 12:52:30.008 [info] > git status -z -uall [216ms]
2025-06-07 12:52:35.136 [info] > git config --get commit.template [42ms]
2025-06-07 12:52:35.143 [info] > git for-each-ref --format=%(refname)%00%(upstream:short)%00%(objectname)%00%(upstream:track)%00%(upstream:remotename)%00%(upstream:remoteref) refs/heads/main refs/remotes/main [9ms]
2025-06-07 12:52:35.245 [info] > git for-each-ref --sort -committerdate --format %(refname)%00%(objectname)%00%(*objectname) [13ms]
2025-06-07 12:52:35.394 [info] > git status -z -uall [215ms]
2025-06-07 12:52:40.537 [info] > git config --get commit.template [42ms]
2025-06-07 12:52:40.544 [info] > git for-each-ref --format=%(refname)%00%(upstream:short)%00%(objectname)%00%(upstream:track)%00%(upstream:remotename)%00%(upstream:remoteref) refs/heads/main refs/remotes/main [10ms]
2025-06-07 12:52:40.642 [info] > git for-each-ref --sort -committerdate --format %(refname)%00%(objectname)%00%(*objectname) [14ms]
2025-06-07 12:52:40.801 [info] > git status -z -uall [218ms]
2025-06-07 12:52:45.908 [info] > git config --get commit.template [8ms]
2025-06-07 12:52:45.987 [info] > git for-each-ref --format=%(refname)%00%(upstream:short)%00%(objectname)%00%(upstream:track)%00%(upstream:remotename)%00%(upstream:remoteref) refs/heads/main refs/remotes/main [11ms]
2025-06-07 12:52:46.097 [info] > git for-each-ref --sort -committerdate --format %(refname)%00%(objectname)%00%(*objectname) [17ms]
2025-06-07 12:52:46.251 [info] > git status -z -uall [223ms]
2025-06-07 12:52:52.471 [info] > git config --get commit.template [40ms]
2025-06-07 12:52:52.479 [info] > git for-each-ref --format=%(refname)%00%(upstream:short)%00%(objectname)%00%(upstream:track)%00%(upstream:remotename)%00%(upstream:remoteref) refs/heads/main refs/remotes/main [9ms]
2025-06-07 12:52:52.584 [info] > git for-each-ref --sort -committerdate --format %(refname)%00%(objectname)%00%(*objectname) [13ms]
2025-06-07 12:52:52.768 [info] > git status -z -uall [249ms]
2025-06-07 12:52:57.881 [info] > git config --get commit.template [10ms]
2025-06-07 12:52:57.955 [info] > git for-each-ref --format=%(refname)%00%(upstream:short)%00%(objectname)%00%(upstream:track)%00%(upstream:remotename)%00%(upstream:remoteref) refs/heads/main refs/remotes/main [26ms]
2025-06-07 12:52:58.059 [info] > git for-each-ref --sort -committerdate --format %(refname)%00%(objectname)%00%(*objectname) [13ms]
2025-06-07 12:52:58.212 [info] > git status -z -uall [216ms]
2025-06-07 12:53:03.331 [info] > git config --get commit.template [43ms]
2025-06-07 12:53:03.339 [info] > git for-each-ref --format=%(refname)%00%(upstream:short)%00%(objectname)%00%(upstream:track)%00%(upstream:remotename)%00%(upstream:remoteref) refs/heads/main refs/remotes/main [10ms]
2025-06-07 12:53:03.452 [info] > git for-each-ref --sort -committerdate --format %(refname)%00%(objectname)%00%(*objectname) [16ms]
2025-06-07 12:53:03.635 [info] > git status -z -uall [258ms]
2025-06-07 14:42:33.894 [info] > git config --get commit.template [201ms]
2025-06-07 14:42:33.917 [info] > git for-each-ref --format=%(refname)%00%(upstream:short)%00%(objectname)%00%(upstream:track)%00%(upstream:remotename)%00%(upstream:remoteref) refs/heads/main refs/remotes/main [166ms]
2025-06-07 14:42:34.358 [info] > git for-each-ref --sort -committerdate --format %(refname)%00%(objectname)%00%(*objectname) [151ms]
2025-06-07 14:42:34.856 [info] > git status -z -uall [897ms]
