2025-06-07 07:18:17.476 [info] Extension host with pid 153 started
2025-06-07 07:18:17.477 [error] Error: EEXIST: file already exists, open '/home/elizabeth/.vscode-server/data/User/workspaceStorage/df910bc1c9ea7281ddf2386c0db77e6e/vscode.lock'
2025-06-07 07:18:17.477 [error] SyntaxError: Unexpected end of JSON input
    at JSON.parse (<anonymous>)
    at a5 (file:///home/elizabeth/.vscode-server/bin/258e40fedc6cb8edf399a463ce3a9d32e7e1f6f3/out/vs/workbench/api/node/extensionHostProcess.js:219:6160)
    at async gD (file:///home/elizabeth/.vscode-server/bin/258e40fedc6cb8edf399a463ce3a9d32e7e1f6f3/out/vs/workbench/api/node/extensionHostProcess.js:219:5796)
    at async gQ.g (file:///home/elizabeth/.vscode-server/bin/258e40fedc6cb8edf399a463ce3a9d32e7e1f6f3/out/vs/workbench/api/node/extensionHostProcess.js:219:4657)
    at async gQ.h (file:///home/elizabeth/.vscode-server/bin/258e40fedc6cb8edf399a463ce3a9d32e7e1f6f3/out/vs/workbench/api/node/extensionHostProcess.js:119:19484)
2025-06-07 07:18:17.477 [info] Lock '/home/elizabeth/.vscode-server/data/User/workspaceStorage/df910bc1c9ea7281ddf2386c0db77e6e/vscode.lock': Could not acquire lock, checking if the file is stale.
2025-06-07 07:18:17.515 [error] SyntaxError: Unexpected end of JSON input
	at JSON.parse (<anonymous>)
	at a5 (file:///home/elizabeth/.vscode-server/bin/258e40fedc6cb8edf399a463ce3a9d32e7e1f6f3/out/vs/workbench/api/node/extensionHostProcess.js:219:6160)
	at async yQ (file:///home/elizabeth/.vscode-server/bin/258e40fedc6cb8edf399a463ce3a9d32e7e1f6f3/out/vs/workbench/api/node/extensionHostProcess.js:219:6419)
	at async gQ.g (file:///home/elizabeth/.vscode-server/bin/258e40fedc6cb8edf399a463ce3a9d32e7e1f6f3/out/vs/workbench/api/node/extensionHostProcess.js:219:4657)
	at async gQ.h (file:///home/elizabeth/.vscode-server/bin/258e40fedc6cb8edf399a463ce3a9d32e7e1f6f3/out/vs/workbench/api/node/extensionHostProcess.js:119:19484)
2025-06-07 07:18:17.515 [info] Lock '/home/elizabeth/.vscode-server/data/User/workspaceStorage/df910bc1c9ea7281ddf2386c0db77e6e/vscode.lock': Could not read pid of lock holder.
2025-06-07 07:18:17.515 [info] Lock '/home/elizabeth/.vscode-server/data/User/workspaceStorage/df910bc1c9ea7281ddf2386c0db77e6e/vscode.lock': Deleting a stale lock.
2025-06-07 07:18:17.621 [info] Lock '/home/elizabeth/.vscode-server/data/User/workspaceStorage/df910bc1c9ea7281ddf2386c0db77e6e/vscode.lock': Lock acquired.
2025-06-07 07:18:18.876 [info] ExtensionService#_doActivateExtension vscode.emmet, startup: false, activationEvent: 'onLanguage'
2025-06-07 07:18:20.127 [info] ExtensionService#_doActivateExtension vscode.git-base, startup: true, activationEvent: '*', root cause: vscode.git
2025-06-07 07:18:20.574 [info] ExtensionService#_doActivateExtension vscode.git, startup: true, activationEvent: '*'
2025-06-07 07:18:20.575 [info] ExtensionService#_doActivateExtension vscode.github, startup: true, activationEvent: '*'
2025-06-07 07:18:24.067 [info] Eager extensions activated
2025-06-07 07:18:24.068 [info] ExtensionService#_doActivateExtension vscode.debug-auto-launch, startup: false, activationEvent: 'onStartupFinished'
2025-06-07 07:18:24.069 [info] ExtensionService#_doActivateExtension vscode.merge-conflict, startup: false, activationEvent: 'onStartupFinished'
2025-06-07 12:52:24.626 [warning] [Decorations] CAPPING events from decorations provider vscode.git 2039
2025-06-07 12:52:30.051 [warning] [Decorations] CAPPING events from decorations provider vscode.git 2039
2025-06-07 12:52:35.436 [warning] [Decorations] CAPPING events from decorations provider vscode.git 2039
2025-06-07 12:52:40.828 [warning] [Decorations] CAPPING events from decorations provider vscode.git 2039
2025-06-07 12:52:46.282 [warning] [Decorations] CAPPING events from decorations provider vscode.git 2039
2025-06-07 12:52:52.806 [warning] [Decorations] CAPPING events from decorations provider vscode.git 2039
2025-06-07 12:52:58.243 [warning] [Decorations] CAPPING events from decorations provider vscode.git 2039
2025-06-07 12:53:03.714 [warning] [Decorations] CAPPING events from decorations provider vscode.git 2039
2025-06-07 14:42:34.896 [warning] [Decorations] CAPPING events from decorations provider vscode.git 2039
2025-06-07 14:42:35.865 [info] Extension host terminating: received terminate message from renderer
2025-06-07 14:42:35.866 [info] Lock '/home/elizabeth/.vscode-server/data/User/workspaceStorage/df910bc1c9ea7281ddf2386c0db77e6e/vscode.lock': Marking the lockfile as scheduled to be released in 6000 ms.
2025-06-07 14:42:36.098 [info] Extension host with pid 153 exiting with code 0
